<?xml version="1.0" encoding="UTF-8"?>
<!-- Generated by org.testng.reporters.JUnitXMLReporter -->
<testsuite hostname="DESKTOP-E0LIMUF" ignored="0" name="Default test" tests="5" failures="0" timestamp="27 Jan 2019 03:22:12 GMT" time="6.121" errors="0">
  <testcase name="TestErrorResponseCode" time="2.938" classname="JsonApi.Tests.JsonRequest"/>
  <testcase name="TestInValidResponseForId" time="1.476" classname="JsonApi.Tests.JsonRequest"/>
  <testcase name="TestOkResponseCode" time="0.745" classname="JsonApi.Tests.JsonRequest"/>
  <testcase name="TestValidResponse" time="0.47" classname="JsonApi.Tests.JsonRequest"/>
  <testcase name="TestValidResponseForId" time="0.443" classname="JsonApi.Tests.JsonRequest"/>
</testsuite> <!-- Default test -->
