<?xml version="1.0" encoding="UTF-8"?>
<testng-results skipped="0" failed="0" ignored="0" total="5" passed="5">
  <reporter-output>
  </reporter-output>
  <suite name="Default suite" duration-ms="6121" started-at="2019-01-27T03:22:06Z" finished-at="2019-01-27T03:22:12Z">
    <groups>
    </groups>
    <test name="Default test" duration-ms="6121" started-at="2019-01-27T03:22:06Z" finished-at="2019-01-27T03:22:12Z">
      <class name="JsonApi.Tests.JsonRequest">
        <test-method status="PASS" signature="TestErrorResponseCode()[pri:0, instance:JsonApi.Tests.JsonRequest@3c756e4d]" name="TestErrorResponseCode" duration-ms="2938" started-at="2019-01-26T21:22:06Z" finished-at="2019-01-26T21:22:09Z">
          <reporter-output>
          </reporter-output>
        </test-method> <!-- TestErrorResponseCode -->
        <test-method status="PASS" signature="TestInValidResponseForId()[pri:0, instance:JsonApi.Tests.JsonRequest@3c756e4d]" name="TestInValidResponseForId" duration-ms="1476" started-at="2019-01-26T21:22:09Z" finished-at="2019-01-26T21:22:11Z">
          <reporter-output>
          </reporter-output>
        </test-method> <!-- TestInValidResponseForId -->
        <test-method status="PASS" signature="TestOkResponseCode()[pri:0, instance:JsonApi.Tests.JsonRequest@3c756e4d]" name="TestOkResponseCode" duration-ms="745" started-at="2019-01-26T21:22:11Z" finished-at="2019-01-26T21:22:11Z">
          <reporter-output>
          </reporter-output>
        </test-method> <!-- TestOkResponseCode -->
        <test-method status="PASS" signature="TestValidResponse()[pri:0, instance:JsonApi.Tests.JsonRequest@3c756e4d]" name="TestValidResponse" duration-ms="470" started-at="2019-01-26T21:22:11Z" finished-at="2019-01-26T21:22:12Z">
          <reporter-output>
          </reporter-output>
        </test-method> <!-- TestValidResponse -->
        <test-method status="PASS" signature="TestValidResponseForId()[pri:0, instance:JsonApi.Tests.JsonRequest@3c756e4d]" name="TestValidResponseForId" duration-ms="443" started-at="2019-01-26T21:22:12Z" finished-at="2019-01-26T21:22:12Z">
          <reporter-output>
          </reporter-output>
        </test-method> <!-- TestValidResponseForId -->
      </class> <!-- JsonApi.Tests.JsonRequest -->
    </test> <!-- Default test -->
  </suite> <!-- Default suite -->
</testng-results>
